[2020-03-21 21:48:38] local.INFO: array (
  'contest_id' => '4',
  'created_team_id' => 
  array (
    0 => 1,
    1 => 2,
    2 => 4,
  ),
  'deposit_amount' => '0.0',
  'device_id' => NULL,
  'email' => NULL,
  'last_name' => NULL,
  'match_id' => '44198',
  'mobile_number' => NULL,
  'name' => NULL,
  'password' => NULL,
  'payment_mode' => NULL,
  'payment_status' => NULL,
  'role_type' => 0,
  'team_id' => 0,
  'token' => '1',
  'transaction_id' => NULL,
  'user_id' => '246',
  'user_type' => NULL,
  'username' => NULL,
)  
